29-May-2024 01:56:21.710 INFO [main] org.apache.catalina.startup.VersionLoggerListener.log Имя версии сервера:    Apache Tomcat/8.5.100
29-May-2024 01:56:21.713 INFO [main] org.apache.catalina.startup.VersionLoggerListener.log Сервер собран:         Mar 19 2024 13:54:42 UTC
29-May-2024 01:56:21.714 INFO [main] org.apache.catalina.startup.VersionLoggerListener.log Номер версии сервера:  8.5.100.0
29-May-2024 01:56:21.714 INFO [main] org.apache.catalina.startup.VersionLoggerListener.log OS Name:               Windows 10
29-May-2024 01:56:21.714 INFO [main] org.apache.catalina.startup.VersionLoggerListener.log Версия ОС:             10.0
29-May-2024 01:56:21.714 INFO [main] org.apache.catalina.startup.VersionLoggerListener.log Архитектура:           amd64
29-May-2024 01:56:21.714 INFO [main] org.apache.catalina.startup.VersionLoggerListener.log Java Home:             C:\Users\Kasie1\.jdks\corretto-15.0.2
29-May-2024 01:56:21.714 INFO [main] org.apache.catalina.startup.VersionLoggerListener.log Версия JVM:            15.0.2+7
29-May-2024 01:56:21.714 INFO [main] org.apache.catalina.startup.VersionLoggerListener.log Производитель JVM:     Amazon.com Inc.
29-May-2024 01:56:21.714 INFO [main] org.apache.catalina.startup.VersionLoggerListener.log CATALINA_BASE:         C:\Users\Kasie1\IdeaProjects\OOOPSERVLETS_LAB4
29-May-2024 01:56:21.714 INFO [main] org.apache.catalina.startup.VersionLoggerListener.log CATALINA_HOME:         C:\Users\Kasie1\Desktop\Apache\apache-tomcat-8.5.100
29-May-2024 01:56:21.715 INFO [main] org.apache.catalina.startup.VersionLoggerListener.log Command line argument: --add-opens=java.base/java.lang=ALL-UNNAMED
29-May-2024 01:56:21.715 INFO [main] org.apache.catalina.startup.VersionLoggerListener.log Command line argument: --add-opens=java.base/java.io=ALL-UNNAMED
29-May-2024 01:56:21.715 INFO [main] org.apache.catalina.startup.VersionLoggerListener.log Command line argument: --add-opens=java.base/java.util=ALL-UNNAMED
29-May-2024 01:56:21.715 INFO [main] org.apache.catalina.startup.VersionLoggerListener.log Command line argument: --add-opens=java.base/java.util.concurrent=ALL-UNNAMED
29-May-2024 01:56:21.715 INFO [main] org.apache.catalina.startup.VersionLoggerListener.log Command line argument: --add-opens=java.rmi/sun.rmi.transport=ALL-UNNAMED
29-May-2024 01:56:21.715 INFO [main] org.apache.catalina.startup.VersionLoggerListener.log Command line argument: -Dcatalina.home=C:\Users\Kasie1\Desktop\Apache\apache-tomcat-8.5.100
29-May-2024 01:56:21.715 INFO [main] org.apache.catalina.startup.VersionLoggerListener.log Command line argument: -Dcatalina.base=C:\Users\Kasie1\IdeaProjects\OOOPSERVLETS_LAB4
29-May-2024 01:56:21.715 INFO [main] org.apache.catalina.startup.VersionLoggerListener.log Command line argument: -Djava.io.tmpdir=C:\Users\Kasie1\IdeaProjects\OOOPSERVLETS_LAB4\temp
29-May-2024 01:56:21.715 INFO [main] org.apache.catalina.startup.VersionLoggerListener.log Command line argument: -Djava.util.logging.config.file=C:\Users\Kasie1\IdeaProjects\OOOPSERVLETS_LAB4\conf\logging.properties
29-May-2024 01:56:21.715 INFO [main] org.apache.catalina.startup.VersionLoggerListener.log Command line argument: -Djava.util.logging.manager=org.apache.juli.ClassLoaderLogManager
29-May-2024 01:56:21.715 INFO [main] org.apache.catalina.startup.VersionLoggerListener.log Command line argument: -javaagent:C:\Program Files\JetBrains\IntelliJ IDEA 2024.1.1\lib\idea_rt.jar=49183:C:\Program Files\JetBrains\IntelliJ IDEA 2024.1.1\bin
29-May-2024 01:56:21.715 INFO [main] org.apache.catalina.startup.VersionLoggerListener.log Command line argument: -Dfile.encoding=UTF-8
29-May-2024 01:56:21.716 INFO [main] org.apache.catalina.core.AprLifecycleListener.lifecycleEvent The Apache Tomcat Native library which allows using OpenSSL was not found on the java.library.path: [C:\Users\Kasie1\.jdks\corretto-15.0.2\bin;C:\WINDOWS\Sun\Java\bin;C:\WINDOWS\system32;C:\WINDOWS;C:\Users\Kasie1\gcc\bin;C:\Users\Kasie1\gcc\libexec\gcc\x86_64-w64-mingw32\13.2.0;C:\Program Files (x86)\Common Files\Intel\Shared Libraries\redist\intel64_win\compiler;C:\WINDOWS\system32;C:\WINDOWS;C:\WINDOWS\System32\Wbem;C:\WINDOWS\System32\WindowsPowerShell\v1.0\;C:\WINDOWS\System32\OpenSSH\;C:\Program Files\dotnet\;C:\Program Files\Git\cmd;C:\Program Files\Microsoft SQL Server\150\Tools\Binn\;C:\Program Files\Microsoft SQL Server\Client SDK\ODBC\170\Tools\Binn\;C:\Users\Kasie1\AppData\Local\Microsoft\WindowsApps;C:\Users\Kasie1\.dotnet\tools;C:\Users\Kasie1\AppData\Local\Programs\Microsoft VS Code\bin;C:\Users\Kasie1\gcc\bin;;.]
29-May-2024 01:56:21.763 INFO [main] org.apache.coyote.AbstractProtocol.init Инициализация ProtocolHandler ["http-nio-8080"]
29-May-2024 01:56:21.779 INFO [main] org.apache.catalina.startup.Catalina.load Initialization processed in 640 ms
29-May-2024 01:56:21.826 INFO [main] org.apache.catalina.core.StandardService.startInternal Starting service [Catalina]
29-May-2024 01:56:21.826 INFO [main] org.apache.catalina.core.StandardEngine.startInternal Starting Servlet engine: [Apache Tomcat/8.5.100]
29-May-2024 01:56:21.835 INFO [localhost-startStop-1] org.apache.catalina.startup.HostConfig.deployDescriptor Deploying deployment descriptor [C:\Users\Kasie1\IdeaProjects\OOOPSERVLETS_LAB4\conf\Catalina\localhost\OOOPSERVLETS_LAB4.xml]
29-May-2024 01:56:22.302 INFO [localhost-startStop-1] org.apache.jasper.servlet.TldScanner.scanJars At least one JAR was scanned for TLDs yet contained no TLDs. Enable debug logging for this logger for a complete list of JARs that were scanned but no TLDs were found in them. Skipping unneeded JARs during scanning can improve startup time and JSP compilation time.
29-May-2024 01:56:22.404 INFO [localhost-startStop-1] org.apache.catalina.startup.HostConfig.deployDescriptor Deployment of deployment descriptor [C:\Users\Kasie1\IdeaProjects\OOOPSERVLETS_LAB4\conf\Catalina\localhost\OOOPSERVLETS_LAB4.xml] has finished in [566] ms
29-May-2024 01:56:22.406 INFO [main] org.apache.coyote.AbstractProtocol.start Starting ProtocolHandler ["http-nio-8080"]
29-May-2024 01:56:22.465 INFO [main] org.apache.catalina.startup.Catalina.start Server startup in 685 ms
29-May-2024 01:56:36.866 INFO [Thread-1] org.apache.coyote.AbstractProtocol.pause Pausing ProtocolHandler ["http-nio-8080"]
29-May-2024 01:56:36.872 INFO [Thread-1] org.apache.catalina.core.StandardService.stopInternal Stopping service [Catalina]
29-May-2024 01:56:36.893 INFO [Thread-1] org.apache.coyote.AbstractProtocol.stop Stopping ProtocolHandler ["http-nio-8080"]
29-May-2024 01:56:36.898 INFO [Thread-1] org.apache.coyote.AbstractProtocol.destroy Destroying ProtocolHandler ["http-nio-8080"]
